<?xml version='1.0' encoding='UTF-8'?>
<testsuite hostname="info22-06" name="IntegrationTest" tests="1" errors="0" failures="1" time="0.016">
        <properties>
[...]
</properties>
        <testcase classname="IntegrationTest" name="test" time="0.0">
      <failure message="&lt;'&lt;?xml version=&quot;1.0&quot; encoding=&quot;UTF-8&quot;?&gt;
&lt;html&gt;
  &lt;head&gt;
    &lt;title&gt;
      Test
    &lt;/title&gt;
    &lt;link rel=&quot;stylesheet&quot; media=&quot;screen&quot; href=&quot;/assets/stylesheets/main.css&quot;/&gt;
    &lt;link rel=&quot;shortcut icon&quot; type=&quot;image/png&quot; href=&quot;/assets/images/favicon.png&quot;/&gt;
    &lt;script src=&quot;/assets/javascripts/jquery-1.9.0.min.js&quot; type=&quot;text/javascript&quot;&gt;
    &lt;/script&gt;
  &lt;/head&gt;
  &lt;body style=&quot;zoom: 1;&quot;&gt;
    &lt;h1&gt;
      Test
    &lt;/h1&gt;
  &lt;/body&gt;
&lt;/html&gt;
'&gt; should contain the String:&lt;'Your new application is ready.'&gt;" type="sbt.ForkMain$ForkError">
              sbt.ForkMain$ForkError: &lt;'&lt;?xml version=&quot;1.0&quot; encoding=&quot;UTF-8&quot;?&gt;
&lt;html&gt;
  &lt;head&gt;
    &lt;title&gt;
      Test
    &lt;/title&gt;
    &lt;link rel=&quot;stylesheet&quot; media=&quot;screen&quot; href=&quot;/assets/stylesheets/main.css&quot;/&gt;
    &lt;link rel=&quot;shortcut icon&quot; type=&quot;image/png&quot; href=&quot;/assets/images/favicon.png&quot;/&gt;
    &lt;script src=&quot;/assets/javascripts/jquery-1.9.0.min.js&quot; type=&quot;text/javascript&quot;&gt;
    &lt;/script&gt;
  &lt;/head&gt;
  &lt;body style=&quot;zoom: 1;&quot;&gt;
    &lt;h1&gt;
      Test
    &lt;/h1&gt;
  &lt;/body&gt;
&lt;/html&gt;
'&gt; should contain the String:&lt;'Your new application is ready.'&gt;
	at org.fest.assertions.Fail.failure(Fail.java:228)
	at org.fest.assertions.Assert.failure(Assert.java:149)
	at org.fest.assertions.StringAssert.contains(StringAssert.java:73)
	at IntegrationTest$1.invoke(IntegrationTest.java:23)
	at IntegrationTest$1.invoke(IntegrationTest.java:20)
	at play.test.Helpers.running(Helpers.java:433)
	at IntegrationTest.test(IntegrationTest.java:20)
	at sun.reflect.NativeMethodAccessorImpl.invoke0(Native Method)
	at sun.reflect.NativeMethodAccessorImpl.invoke(NativeMethodAccessorImpl.java:57)
	at sun.reflect.DelegatingMethodAccessorImpl.invoke(DelegatingMethodAccessorImpl.java:43)
	at java.lang.reflect.Method.invoke(Method.java:606)
	at org.junit.runners.model.FrameworkMethod$1.runReflectiveCall(FrameworkMethod.java:47)
	at org.junit.internal.runners.model.ReflectiveCallable.run(ReflectiveCallable.java:12)
	at org.junit.runners.model.FrameworkMethod.invokeExplosively(FrameworkMethod.java:44)
	at org.junit.internal.runners.statements.InvokeMethod.evaluate(InvokeMethod.java:17)
	at org.junit.runners.ParentRunner.runLeaf(ParentRunner.java:271)
	at org.junit.runners.BlockJUnit4ClassRunner.runChild(BlockJUnit4ClassRunner.java:70)
	at org.junit.runners.BlockJUnit4ClassRunner.runChild(BlockJUnit4ClassRunner.java:50)
	at org.junit.runners.ParentRunner$3.run(ParentRunner.java:238)
	at org.junit.runners.ParentRunner$1.schedule(ParentRunner.java:63)
	at org.junit.runners.ParentRunner.runChildren(ParentRunner.java:236)
	at org.junit.runners.ParentRunner.access$000(ParentRunner.java:53)
	at org.junit.runners.ParentRunner$2.evaluate(ParentRunner.java:229)
	at org.junit.runners.ParentRunner.run(ParentRunner.java:309)
	at org.junit.runners.Suite.runChild(Suite.java:127)
	at org.junit.runners.Suite.runChild(Suite.java:26)
	at org.junit.runners.ParentRunner$3.run(ParentRunner.java:238)
	at org.junit.runners.ParentRunner$1.schedule(ParentRunner.java:63)
	at org.junit.runners.ParentRunner.runChildren(ParentRunner.java:236)
	at org.junit.runners.ParentRunner.access$000(ParentRunner.java:53)
	at org.junit.runners.ParentRunner$2.evaluate(ParentRunner.java:229)
	at org.junit.runners.ParentRunner.run(ParentRunner.java:309)
	at org.junit.runner.JUnitCore.run(JUnitCore.java:160)
	at org.junit.runner.JUnitCore.run(JUnitCore.java:138)
	at com.novocode.junit.JUnitRunner.run(JUnitRunner.java:90)
	at sbt.RunnerWrapper$1.runRunner2(FrameworkWrapper.java:220)
	at sbt.RunnerWrapper$1.execute(FrameworkWrapper.java:233)
	at sbt.ForkMain$Run.runTest(ForkMain.java:239)
	at sbt.ForkMain$Run.runTestSafe(ForkMain.java:211)
	at sbt.ForkMain$Run.runTests(ForkMain.java:187)
	at sbt.ForkMain$Run.run(ForkMain.java:251)
	at sbt.ForkMain.main(ForkMain.java:97)

            </failure>
    </testcase>
        <system-out>
          
        </system-out>
        <system-err>
          
        </system-err>
      </testsuite>